-------------------------------------------------------------------------------
Test set: com.test.electronics.MsaAzureApplicationTests
-------------------------------------------------------------------------------
Tests run: 1, Failures: 0, Errors: 1, Skipped: 0, Time elapsed: 0.502 s <<< FAILURE! - in com.test.electronics.MsaAzureApplicationTests
com.test.electronics.MsaAzureApplicationTests  Time elapsed: 0.497 s  <<< ERROR!
java.lang.IllegalStateException: Unable to find a @SpringBootConfiguration, you need to use @ContextConfiguration or @SpringBootTest(classes=...) with your test

